Configurando Liquibase...
Executando migrações...
ago. 30, 2025 6:23:05 PM liquibase.changelog
INFO: Reading resource: db/changelog/migrations/db.changelog-202508231053.sql
ago. 30, 2025 6:23:05 PM liquibase.changelog
INFO: Reading resource: db/changelog/migrations/db.changelog-202508232029.sql
ago. 30, 2025 6:23:05 PM liquibase.changelog
INFO: Reading resource: db/changelog/migrations/db.changelog-202508232035.sql
ago. 30, 2025 6:23:05 PM liquibase.changelog
INFO: Reading resource: db/changelog/migrations/db.changelog-202508232039.sql
ago. 30, 2025 6:23:05 PM liquibase.changelog
INFO: Reading resource: db/changelog/migrations/db.changelog-202508301646.sql
ago. 30, 2025 6:23:05 PM liquibase.changelog
INFO: Reading from board.databasechangelog
ago. 30, 2025 6:23:05 PM liquibase.changelog
INFO: Change failed validation!
ago. 30, 2025 6:23:05 PM liquibase.command
INFO: Logging exception.
ERROR: Exception Details
ERROR: Exception Primary Class:  ValidationFailedException
ERROR: Exception Primary Reason:  Validation Failed:
     1 changesets check sum
          db/changelog/migrations/db.changelog-202508232039.sql::202508232039::lucas was: 9:11e34e1c5e9901d3c0b08f2c1ec1ce40 but is now: 9:e6bd6259453164eeb75c596d139758b8

ERROR: Exception Primary Source:  4.29.1
ago. 30, 2025 6:23:05 PM liquibase.command
INFO: Command execution complete
